[0m15:59:30.793500 [debug] [MainThread]: Sending event: {'category': 'dbt', 'action': 'invocation', 'label': 'start', 'context': [<snowplow_tracker.self_describing_json.SelfDescribingJson object at 0x10812f0e0>, <snowplow_tracker.self_describing_json.SelfDescribingJson object at 0x10971b4d0>, <snowplow_tracker.self_describing_json.SelfDescribingJson object at 0x10971b610>]}


============================== 15:59:30.795774 | d3cf4ce6-e46d-4ba3-8d4a-16463c11c16a ==============================
[0m15:59:30.795774 [info ] [MainThread]: Running with dbt=1.11.2
[0m15:59:30.796030 [debug] [MainThread]: running dbt with arguments {'cache_selected_only': 'False', 'log_path': 'logs', 'static_parser': 'True', 'use_experimental_parser': 'False', 'target_path': 'None', 'indirect_selection': 'eager', 'no_print': 'None', 'empty': 'None', 'warn_error_options': 'WarnErrorOptionsV2(error=[], warn=[], silence=[])', 'write_json': 'True', 'version_check': 'True', 'debug': 'False', 'profiles_dir': '/Users/junli/.dbt', 'send_anonymous_usage_stats': 'True', 'use_colors': 'True', 'log_cache_events': 'False', 'printer_width': '80', 'warn_error': 'None', 'quiet': 'False', 'log_format': 'default', 'introspect': 'True', 'fail_fast': 'False', 'partial_parse': 'True', 'invocation_command': 'dbt init --skip-profile-setup airbnb'}
[0m15:59:30.823326 [info ] [MainThread]: Creating dbt configuration folder at /Users/junli/.dbt
[0m15:59:30.824331 [debug] [MainThread]: Starter project path: /Users/junli/course/.venv/lib/python3.13/site-packages/dbt/include/starter_project
[0m15:59:30.827919 [info ] [MainThread]: 
Your new dbt project "airbnb" was created!

For more information on how to configure the profiles.yml file,
please consult the dbt documentation here:

  https://docs.getdbt.com/docs/configure-your-profile

One more thing:

Need help? Don't hesitate to reach out to us via GitHub issues or on Slack:

  https://community.getdbt.com/

Happy modeling!

[0m15:59:30.828224 [debug] [MainThread]: Resource report: {"command_name": "init", "command_success": true, "command_wall_clock_time": 0.06730588, "process_in_blocks": "0", "process_kernel_time": 0.123225, "process_mem_max_rss": "112787456", "process_out_blocks": "0", "process_user_time": 0.544832}
[0m15:59:30.828431 [debug] [MainThread]: Command `dbt init` succeeded at 15:59:30.828383 after 0.07 seconds
[0m15:59:30.828578 [debug] [MainThread]: Sending event: {'category': 'dbt', 'action': 'invocation', 'label': 'end', 'context': [<snowplow_tracker.self_describing_json.SelfDescribingJson object at 0x1098702b0>, <snowplow_tracker.self_describing_json.SelfDescribingJson object at 0x10986bbf0>, <snowplow_tracker.self_describing_json.SelfDescribingJson object at 0x1095ab9b0>]}
[0m15:59:30.828732 [debug] [MainThread]: Flushing usage events
[0m15:59:30.979388 [debug] [MainThread]: An error was encountered while trying to flush usage events
